<?xml version="1.0" encoding="UTF-8"?>
<coverage generated="1776791285523" clover="3.2.0">
  <project timestamp="1776791285523" name="All files">
    <metrics statements="80" coveredstatements="62" conditionals="90" coveredconditionals="67" methods="15" coveredmethods="10" elements="185" coveredelements="139" complexity="0" loc="80" ncloc="80" packages="1" files="1" classes="1"/>
    <file name="CreateEventModal.tsx" path="D:\calendar_project\WebApp\CrewzyWeb\crewzyweb\src\components\CreateEventModal.tsx">
      <metrics statements="80" coveredstatements="62" conditionals="90" coveredconditionals="67" methods="15" coveredmethods="10"/>
      <line num="38" count="20" type="stmt"/>
      <line num="39" count="20" type="stmt"/>
      <line num="40" count="20" type="stmt"/>
      <line num="41" count="20" type="cond" truecount="2" falsecount="0"/>
      <line num="42" count="20" type="stmt"/>
      <line num="45" count="20" type="stmt"/>
      <line num="46" count="20" type="stmt"/>
      <line num="48" count="20" type="stmt"/>
      <line num="49" count="20" type="stmt"/>
      <line num="51" count="20" type="stmt"/>
      <line num="52" count="4" type="cond" truecount="1" falsecount="1"/>
      <line num="53" count="4" type="stmt"/>
      <line num="54" count="4" type="cond" truecount="1" falsecount="1"/>
      <line num="55" count="0" type="stmt"/>
      <line num="56" count="0" type="stmt"/>
      <line num="57" count="0" type="stmt"/>
      <line num="58" count="0" type="stmt"/>
      <line num="59" count="0" type="stmt"/>
      <line num="60" count="0" type="stmt"/>
      <line num="61" count="0" type="stmt"/>
      <line num="63" count="4" type="stmt"/>
      <line num="64" count="4" type="cond" truecount="2" falsecount="0"/>
      <line num="65" count="4" type="stmt"/>
      <line num="66" count="4" type="cond" truecount="2" falsecount="0"/>
      <line num="67" count="4" type="cond" truecount="1" falsecount="1"/>
      <line num="68" count="4" type="stmt"/>
      <line num="69" count="4" type="stmt"/>
      <line num="74" count="20" type="cond" truecount="1" falsecount="1"/>
      <line num="76" count="20" type="stmt"/>
      <line num="77" count="4" type="stmt"/>
      <line num="78" count="4" type="stmt"/>
      <line num="80" count="4" type="cond" truecount="2" falsecount="0"/>
      <line num="81" count="2" type="stmt"/>
      <line num="82" count="2" type="stmt"/>
      <line num="83" count="2" type="cond" truecount="1" falsecount="1"/>
      <line num="84" count="0" type="stmt"/>
      <line num="85" count="0" type="stmt"/>
      <line num="88" count="4" type="cond" truecount="2" falsecount="0"/>
      <line num="89" count="2" type="stmt"/>
      <line num="90" count="2" type="stmt"/>
      <line num="92" count="2" type="stmt"/>
      <line num="93" count="2" type="stmt"/>
      <line num="94" count="2" type="stmt"/>
      <line num="96" count="2" type="cond" truecount="2" falsecount="0"/>
      <line num="97" count="1" type="stmt"/>
      <line num="98" count="1" type="stmt"/>
      <line num="102" count="4" type="cond" truecount="2" falsecount="0"/>
      <line num="103" count="3" type="stmt"/>
      <line num="104" count="3" type="stmt"/>
      <line num="107" count="4" type="cond" truecount="4" falsecount="0"/>
      <line num="108" count="2" type="stmt"/>
      <line num="109" count="2" type="stmt"/>
      <line num="110" count="2" type="cond" truecount="2" falsecount="0"/>
      <line num="111" count="1" type="stmt"/>
      <line num="112" count="1" type="cond" truecount="1" falsecount="1"/>
      <line num="113" count="0" type="stmt"/>
      <line num="114" count="0" type="stmt"/>
      <line num="115" count="1" type="cond" truecount="1" falsecount="1"/>
      <line num="116" count="1" type="stmt"/>
      <line num="117" count="1" type="stmt"/>
      <line num="121" count="4" type="cond" truecount="1" falsecount="1"/>
      <line num="122" count="0" type="stmt"/>
      <line num="123" count="0" type="stmt"/>
      <line num="126" count="4" type="stmt"/>
      <line num="127" count="4" type="stmt"/>
      <line num="130" count="20" type="stmt"/>
      <line num="131" count="4" type="cond" truecount="2" falsecount="0"/>
      <line num="132" count="1" type="stmt"/>
      <line num="144" count="20" type="stmt"/>
      <line num="146" count="5" type="stmt"/>
      <line num="159" count="2" type="cond" truecount="1" falsecount="1"/>
      <line num="172" count="2" type="cond" truecount="1" falsecount="1"/>
      <line num="182" count="1" type="cond" truecount="1" falsecount="1"/>
      <line num="192" count="0" type="cond" truecount="2" falsecount="0"/>
      <line num="193" count="1" type="cond" truecount="2" falsecount="0"/>
      <line num="194" count="0" type="cond" truecount="1" falsecount="1"/>
      <line num="202" count="2" type="cond" truecount="1" falsecount="1"/>
      <line num="214" count="0" type="stmt"/>
      <line num="216" count="0" type="stmt"/>
      <line num="227" count="0" type="cond" truecount="0" falsecount="2"/>
    </file>
  </project>
</coverage>
