{"D:\\calendar_project\\WebApp\\CrewzyWeb\\crewzyweb\\src\\components\\CreateEventModal.tsx": {"path":"D:\\calendar_project\\WebApp\\CrewzyWeb\\crewzyweb\\src\\components\\CreateEventModal.tsx","statementMap":{"0":{"start":{"line":38,"column":18},"end":{"line":38,"column":42}},"1":{"start":{"line":39,"column":17},"end":{"line":39,"column":40}},"2":{"start":{"line":40,"column":17},"end":{"line":40,"column":40}},"3":{"start":{"line":41,"column":21},"end":{"line":41,"column":69}},"4":{"start":{"line":42,"column":25},"end":{"line":43,"column":null}},"5":{"start":{"line":45,"column":23},"end":{"line":45,"column":87}},"6":{"start":{"line":46,"column":24},"end":{"line":46,"column":54}},"7":{"start":{"line":48,"column":19},"end":{"line":48,"column":56}},"8":{"start":{"line":49,"column":22},"end":{"line":49,"column":null}},"9":{"start":{"line":51,"column":4},"end":{"line":72,"column":null}},"10":{"start":{"line":52,"column":8},"end":{"line":69,"column":null}},"11":{"start":{"line":53,"column":12},"end":{"line":53,"column":null}},"12":{"start":{"line":54,"column":12},"end":{"line":69,"column":null}},"13":{"start":{"line":55,"column":16},"end":{"line":55,"column":null}},"14":{"start":{"line":56,"column":16},"end":{"line":56,"column":null}},"15":{"start":{"line":57,"column":16},"end":{"line":57,"column":null}},"16":{"start":{"line":58,"column":16},"end":{"line":58,"column":null}},"17":{"start":{"line":59,"column":16},"end":{"line":59,"column":null}},"18":{"start":{"line":60,"column":16},"end":{"line":60,"column":null}},"19":{"start":{"line":61,"column":16},"end":{"line":61,"column":null}},"20":{"start":{"line":63,"column":16},"end":{"line":63,"column":null}},"21":{"start":{"line":64,"column":16},"end":{"line":64,"column":null}},"22":{"start":{"line":65,"column":16},"end":{"line":65,"column":null}},"23":{"start":{"line":66,"column":16},"end":{"line":66,"column":null}},"24":{"start":{"line":67,"column":16},"end":{"line":67,"column":null}},"25":{"start":{"line":68,"column":16},"end":{"line":68,"column":null}},"26":{"start":{"line":69,"column":16},"end":{"line":69,"column":null}},"27":{"start":{"line":74,"column":4},"end":{"line":74,"column":null}},"28":{"start":{"line":74,"column":17},"end":{"line":74,"column":null}},"29":{"start":{"line":76,"column":10},"end":{"line":127,"column":null}},"30":{"start":{"line":77,"column":38},"end":{"line":77,"column":40}},"31":{"start":{"line":78,"column":22},"end":{"line":78,"column":null}},"32":{"start":{"line":80,"column":8},"end":{"line":85,"column":null}},"33":{"start":{"line":81,"column":12},"end":{"line":81,"column":null}},"34":{"start":{"line":82,"column":12},"end":{"line":82,"column":null}},"35":{"start":{"line":83,"column":19},"end":{"line":85,"column":null}},"36":{"start":{"line":84,"column":12},"end":{"line":84,"column":null}},"37":{"start":{"line":85,"column":12},"end":{"line":85,"column":null}},"38":{"start":{"line":88,"column":8},"end":{"line":98,"column":null}},"39":{"start":{"line":89,"column":12},"end":{"line":89,"column":null}},"40":{"start":{"line":90,"column":12},"end":{"line":90,"column":null}},"41":{"start":{"line":92,"column":33},"end":{"line":92,"column":47}},"42":{"start":{"line":93,"column":26},"end":{"line":93,"column":36}},"43":{"start":{"line":94,"column":12},"end":{"line":94,"column":null}},"44":{"start":{"line":96,"column":12},"end":{"line":98,"column":null}},"45":{"start":{"line":97,"column":16},"end":{"line":97,"column":null}},"46":{"start":{"line":98,"column":16},"end":{"line":98,"column":null}},"47":{"start":{"line":102,"column":8},"end":{"line":104,"column":null}},"48":{"start":{"line":103,"column":12},"end":{"line":103,"column":null}},"49":{"start":{"line":104,"column":12},"end":{"line":104,"column":null}},"50":{"start":{"line":107,"column":8},"end":{"line":117,"column":null}},"51":{"start":{"line":108,"column":12},"end":{"line":108,"column":null}},"52":{"start":{"line":109,"column":12},"end":{"line":109,"column":null}},"53":{"start":{"line":110,"column":19},"end":{"line":117,"column":null}},"54":{"start":{"line":111,"column":31},"end":{"line":111,"column":null}},"55":{"start":{"line":112,"column":12},"end":{"line":117,"column":null}},"56":{"start":{"line":113,"column":16},"end":{"line":113,"column":null}},"57":{"start":{"line":114,"column":16},"end":{"line":114,"column":null}},"58":{"start":{"line":115,"column":23},"end":{"line":117,"column":null}},"59":{"start":{"line":116,"column":16},"end":{"line":116,"column":null}},"60":{"start":{"line":117,"column":16},"end":{"line":117,"column":null}},"61":{"start":{"line":121,"column":8},"end":{"line":123,"column":null}},"62":{"start":{"line":122,"column":12},"end":{"line":122,"column":null}},"63":{"start":{"line":123,"column":12},"end":{"line":123,"column":null}},"64":{"start":{"line":126,"column":8},"end":{"line":126,"column":null}},"65":{"start":{"line":127,"column":8},"end":{"line":127,"column":null}},"66":{"start":{"line":130,"column":10},"end":{"line":140,"column":null}},"67":{"start":{"line":131,"column":8},"end":{"line":140,"column":null}},"68":{"start":{"line":132,"column":12},"end":{"line":140,"column":null}},"69":{"start":{"line":144,"column":4},"end":{"line":241,"column":null}},"70":{"start":{"line":146,"column":123},"end":{"line":146,"column":142}},"71":{"start":{"line":159,"column":51},"end":{"line":159,"column":77}},"72":{"start":{"line":159,"column":77},"end":{"line":159,"column":null}},"73":{"start":{"line":159,"column":95},"end":{"line":159,"column":null}},"74":{"start":{"line":172,"column":55},"end":{"line":172,"column":80}},"75":{"start":{"line":172,"column":80},"end":{"line":172,"column":null}},"76":{"start":{"line":172,"column":97},"end":{"line":172,"column":null}},"77":{"start":{"line":182,"column":55},"end":{"line":182,"column":80}},"78":{"start":{"line":182,"column":80},"end":{"line":182,"column":null}},"79":{"start":{"line":182,"column":97},"end":{"line":182,"column":null}},"80":{"start":{"line":192,"column":55},"end":{"line":192,"column":78}},"81":{"start":{"line":193,"column":55},"end":{"line":193,"column":78}},"82":{"start":{"line":194,"column":55},"end":{"line":194,"column":85}},"83":{"start":{"line":202,"column":59},"end":{"line":202,"column":88}},"84":{"start":{"line":202,"column":88},"end":{"line":202,"column":null}},"85":{"start":{"line":202,"column":109},"end":{"line":202,"column":null}},"86":{"start":{"line":214,"column":72},"end":{"line":214,"column":101}},"87":{"start":{"line":216,"column":55},"end":{"line":216,"column":117}},"88":{"start":{"line":227,"column":51},"end":{"line":227,"column":83}},"89":{"start":{"line":227,"column":83},"end":{"line":227,"column":null}},"90":{"start":{"line":227,"column":107},"end":{"line":227,"column":null}}},"fnMap":{"0":{"name":"CreateEventModal","decl":{"start":{"line":37,"column":16},"end":{"line":37,"column":33}},"loc":{"start":{"line":37,"column":140},"end":{"line":241,"column":null}},"line":37},"1":{"name":"(anonymous_1)","decl":{"start":{"line":51,"column":4},"end":{"line":51,"column":20}},"loc":{"start":{"line":51,"column":20},"end":{"line":72,"column":8}},"line":51},"2":{"name":"(anonymous_2)","decl":{"start":{"line":76,"column":10},"end":{"line":76,"column":40}},"loc":{"start":{"line":76,"column":40},"end":{"line":127,"column":null}},"line":76},"3":{"name":"(anonymous_3)","decl":{"start":{"line":130,"column":10},"end":{"line":130,"column":31}},"loc":{"start":{"line":130,"column":31},"end":{"line":140,"column":null}},"line":130},"4":{"name":"(anonymous_4)","decl":{"start":{"line":146,"column":107},"end":{"line":146,"column":117}},"loc":{"start":{"line":146,"column":123},"end":{"line":146,"column":142}},"line":146},"5":{"name":"(anonymous_5)","decl":{"start":{"line":159,"column":32},"end":{"line":159,"column":43}},"loc":{"start":{"line":159,"column":49},"end":{"line":159,"column":null}},"line":159},"6":{"name":"(anonymous_6)","decl":{"start":{"line":172,"column":36},"end":{"line":172,"column":47}},"loc":{"start":{"line":172,"column":53},"end":{"line":172,"column":null}},"line":172},"7":{"name":"(anonymous_7)","decl":{"start":{"line":182,"column":36},"end":{"line":182,"column":47}},"loc":{"start":{"line":182,"column":53},"end":{"line":182,"column":null}},"line":182},"8":{"name":"(anonymous_8)","decl":{"start":{"line":192,"column":40},"end":{"line":192,"column":55}},"loc":{"start":{"line":192,"column":55},"end":{"line":192,"column":78}},"line":192},"9":{"name":"(anonymous_9)","decl":{"start":{"line":193,"column":40},"end":{"line":193,"column":55}},"loc":{"start":{"line":193,"column":55},"end":{"line":193,"column":78}},"line":193},"10":{"name":"(anonymous_10)","decl":{"start":{"line":194,"column":40},"end":{"line":194,"column":55}},"loc":{"start":{"line":194,"column":55},"end":{"line":194,"column":85}},"line":194},"11":{"name":"(anonymous_11)","decl":{"start":{"line":202,"column":40},"end":{"line":202,"column":51}},"loc":{"start":{"line":202,"column":57},"end":{"line":202,"column":null}},"line":202},"12":{"name":"(anonymous_12)","decl":{"start":{"line":214,"column":55},"end":{"line":214,"column":66}},"loc":{"start":{"line":214,"column":72},"end":{"line":214,"column":101}},"line":214},"13":{"name":"(anonymous_13)","decl":{"start":{"line":216,"column":40},"end":{"line":216,"column":45}},"loc":{"start":{"line":216,"column":55},"end":{"line":216,"column":117}},"line":216},"14":{"name":"(anonymous_14)","decl":{"start":{"line":227,"column":32},"end":{"line":227,"column":43}},"loc":{"start":{"line":227,"column":49},"end":{"line":227,"column":null}},"line":227}},"branchMap":{"0":{"loc":{"start":{"line":41,"column":45},"end":{"line":41,"column":69}},"type":"binary-expr","locations":[{"start":{"line":41,"column":45},"end":{"line":41,"column":66}},{"start":{"line":41,"column":66},"end":{"line":41,"column":69}}],"line":41},"1":{"loc":{"start":{"line":43,"column":8},"end":{"line":43,"column":null}},"type":"cond-expr","locations":[{"start":{"line":43,"column":28},"end":{"line":43,"column":37}},{"start":{"line":43,"column":37},"end":{"line":43,"column":null}}],"line":43},"2":{"loc":{"start":{"line":52,"column":8},"end":{"line":69,"column":null}},"type":"if","locations":[{"start":{"line":52,"column":8},"end":{"line":69,"column":null}},{"start":{},"end":{}}],"line":52},"3":{"loc":{"start":{"line":54,"column":12},"end":{"line":69,"column":null}},"type":"if","locations":[{"start":{"line":54,"column":12},"end":{"line":69,"column":null}},{"start":{"line":62,"column":19},"end":{"line":69,"column":null}}],"line":54},"4":{"loc":{"start":{"line":64,"column":24},"end":{"line":64,"column":42}},"type":"binary-expr","locations":[{"start":{"line":64,"column":24},"end":{"line":64,"column":39}},{"start":{"line":64,"column":39},"end":{"line":64,"column":42}}],"line":64},"5":{"loc":{"start":{"line":66,"column":28},"end":{"line":66,"column":52}},"type":"binary-expr","locations":[{"start":{"line":66,"column":28},"end":{"line":66,"column":49}},{"start":{"line":66,"column":49},"end":{"line":66,"column":52}}],"line":66},"6":{"loc":{"start":{"line":67,"column":32},"end":{"line":67,"column":68}},"type":"cond-expr","locations":[{"start":{"line":67,"column":52},"end":{"line":67,"column":61}},{"start":{"line":67,"column":61},"end":{"line":67,"column":68}}],"line":67},"7":{"loc":{"start":{"line":74,"column":4},"end":{"line":74,"column":null}},"type":"if","locations":[{"start":{"line":74,"column":4},"end":{"line":74,"column":null}},{"start":{},"end":{}}],"line":74},"8":{"loc":{"start":{"line":80,"column":8},"end":{"line":85,"column":null}},"type":"if","locations":[{"start":{"line":80,"column":8},"end":{"line":85,"column":null}},{"start":{"line":83,"column":19},"end":{"line":85,"column":null}}],"line":80},"9":{"loc":{"start":{"line":83,"column":19},"end":{"line":85,"column":null}},"type":"if","locations":[{"start":{"line":83,"column":19},"end":{"line":85,"column":null}},{"start":{},"end":{}}],"line":83},"10":{"loc":{"start":{"line":88,"column":8},"end":{"line":98,"column":null}},"type":"if","locations":[{"start":{"line":88,"column":8},"end":{"line":98,"column":null}},{"start":{"line":91,"column":15},"end":{"line":98,"column":null}}],"line":88},"11":{"loc":{"start":{"line":96,"column":12},"end":{"line":98,"column":null}},"type":"if","locations":[{"start":{"line":96,"column":12},"end":{"line":98,"column":null}},{"start":{},"end":{}}],"line":96},"12":{"loc":{"start":{"line":102,"column":8},"end":{"line":104,"column":null}},"type":"if","locations":[{"start":{"line":102,"column":8},"end":{"line":104,"column":null}},{"start":{},"end":{}}],"line":102},"13":{"loc":{"start":{"line":107,"column":8},"end":{"line":117,"column":null}},"type":"if","locations":[{"start":{"line":107,"column":8},"end":{"line":117,"column":null}},{"start":{"line":110,"column":19},"end":{"line":117,"column":null}}],"line":107},"14":{"loc":{"start":{"line":107,"column":12},"end":{"line":107,"column":55}},"type":"binary-expr","locations":[{"start":{"line":107,"column":12},"end":{"line":107,"column":39}},{"start":{"line":107,"column":39},"end":{"line":107,"column":55}}],"line":107},"15":{"loc":{"start":{"line":110,"column":19},"end":{"line":117,"column":null}},"type":"if","locations":[{"start":{"line":110,"column":19},"end":{"line":117,"column":null}},{"start":{},"end":{}}],"line":110},"16":{"loc":{"start":{"line":112,"column":12},"end":{"line":117,"column":null}},"type":"if","locations":[{"start":{"line":112,"column":12},"end":{"line":117,"column":null}},{"start":{"line":115,"column":23},"end":{"line":117,"column":null}}],"line":112},"17":{"loc":{"start":{"line":115,"column":23},"end":{"line":117,"column":null}},"type":"if","locations":[{"start":{"line":115,"column":23},"end":{"line":117,"column":null}},{"start":{},"end":{}}],"line":115},"18":{"loc":{"start":{"line":121,"column":8},"end":{"line":123,"column":null}},"type":"if","locations":[{"start":{"line":121,"column":8},"end":{"line":123,"column":null}},{"start":{},"end":{}}],"line":121},"19":{"loc":{"start":{"line":131,"column":8},"end":{"line":140,"column":null}},"type":"if","locations":[{"start":{"line":131,"column":8},"end":{"line":140,"column":null}},{"start":{},"end":{}}],"line":131},"20":{"loc":{"start":{"line":136,"column":26},"end":{"line":136,"column":null}},"type":"cond-expr","locations":[{"start":{"line":136,"column":59},"end":{"line":136,"column":64}},{"start":{"line":136,"column":64},"end":{"line":136,"column":null}}],"line":136},"21":{"loc":{"start":{"line":149,"column":78},"end":{"line":149,"column":125}},"type":"cond-expr","locations":[{"start":{"line":149,"column":90},"end":{"line":149,"column":105}},{"start":{"line":149,"column":105},"end":{"line":149,"column":125}}],"line":149},"22":{"loc":{"start":{"line":159,"column":77},"end":{"line":159,"column":null}},"type":"if","locations":[{"start":{"line":159,"column":77},"end":{"line":159,"column":null}},{"start":{},"end":{}}],"line":159},"23":{"loc":{"start":{"line":161,"column":123},"end":{"line":161,"column":null}},"type":"cond-expr","locations":[{"start":{"line":161,"column":138},"end":{"line":161,"column":178}},{"start":{"line":161,"column":178},"end":{"line":161,"column":null}}],"line":161},"24":{"loc":{"start":{"line":163,"column":29},"end":{"line":163,"column":null}},"type":"binary-expr","locations":[{"start":{"line":163,"column":29},"end":{"line":163,"column":45}},{"start":{"line":163,"column":45},"end":{"line":163,"column":null}}],"line":163},"25":{"loc":{"start":{"line":172,"column":80},"end":{"line":172,"column":null}},"type":"if","locations":[{"start":{"line":172,"column":80},"end":{"line":172,"column":null}},{"start":{},"end":{}}],"line":172},"26":{"loc":{"start":{"line":173,"column":127},"end":{"line":173,"column":null}},"type":"cond-expr","locations":[{"start":{"line":173,"column":141},"end":{"line":173,"column":181}},{"start":{"line":173,"column":181},"end":{"line":173,"column":null}}],"line":173},"27":{"loc":{"start":{"line":175,"column":33},"end":{"line":175,"column":null}},"type":"binary-expr","locations":[{"start":{"line":175,"column":33},"end":{"line":175,"column":48}},{"start":{"line":175,"column":48},"end":{"line":175,"column":null}}],"line":175},"28":{"loc":{"start":{"line":182,"column":80},"end":{"line":182,"column":null}},"type":"if","locations":[{"start":{"line":182,"column":80},"end":{"line":182,"column":null}},{"start":{},"end":{}}],"line":182},"29":{"loc":{"start":{"line":183,"column":127},"end":{"line":183,"column":null}},"type":"cond-expr","locations":[{"start":{"line":183,"column":141},"end":{"line":183,"column":181}},{"start":{"line":183,"column":181},"end":{"line":183,"column":null}}],"line":183},"30":{"loc":{"start":{"line":185,"column":33},"end":{"line":185,"column":null}},"type":"binary-expr","locations":[{"start":{"line":185,"column":33},"end":{"line":185,"column":48}},{"start":{"line":185,"column":48},"end":{"line":185,"column":null}}],"line":185},"31":{"loc":{"start":{"line":192,"column":174},"end":{"line":192,"column":276}},"type":"cond-expr","locations":[{"start":{"line":192,"column":200},"end":{"line":192,"column":227}},{"start":{"line":192,"column":227},"end":{"line":192,"column":276}}],"line":192},"32":{"loc":{"start":{"line":193,"column":174},"end":{"line":193,"column":276}},"type":"cond-expr","locations":[{"start":{"line":193,"column":200},"end":{"line":193,"column":227}},{"start":{"line":193,"column":227},"end":{"line":193,"column":276}}],"line":193},"33":{"loc":{"start":{"line":194,"column":181},"end":{"line":194,"column":290}},"type":"cond-expr","locations":[{"start":{"line":194,"column":214},"end":{"line":194,"column":241}},{"start":{"line":194,"column":241},"end":{"line":194,"column":290}}],"line":194},"34":{"loc":{"start":{"line":197,"column":29},"end":{"line":207,"column":null}},"type":"binary-expr","locations":[{"start":{"line":197,"column":29},"end":{"line":197,"column":null}},{"start":{"line":198,"column":32},"end":{"line":207,"column":null}}],"line":197},"35":{"loc":{"start":{"line":202,"column":88},"end":{"line":202,"column":null}},"type":"if","locations":[{"start":{"line":202,"column":88},"end":{"line":202,"column":null}},{"start":{},"end":{}}],"line":202},"36":{"loc":{"start":{"line":203,"column":53},"end":{"line":203,"column":null}},"type":"cond-expr","locations":[{"start":{"line":203,"column":79},"end":{"line":203,"column":117}},{"start":{"line":203,"column":117},"end":{"line":203,"column":null}}],"line":203},"37":{"loc":{"start":{"line":204,"column":131},"end":{"line":204,"column":null}},"type":"cond-expr","locations":[{"start":{"line":204,"column":149},"end":{"line":204,"column":189}},{"start":{"line":204,"column":189},"end":{"line":204,"column":null}}],"line":204},"38":{"loc":{"start":{"line":206,"column":37},"end":{"line":207,"column":null}},"type":"binary-expr","locations":[{"start":{"line":206,"column":37},"end":{"line":206,"column":56}},{"start":{"line":206,"column":56},"end":{"line":207,"column":null}}],"line":206},"39":{"loc":{"start":{"line":209,"column":29},"end":{"line":209,"column":null}},"type":"binary-expr","locations":[{"start":{"line":209,"column":29},"end":{"line":209,"column":63}},{"start":{"line":209,"column":63},"end":{"line":209,"column":null}}],"line":209},"40":{"loc":{"start":{"line":223,"column":60},"end":{"line":223,"column":134}},"type":"cond-expr","locations":[{"start":{"line":223,"column":87},"end":{"line":223,"column":114}},{"start":{"line":223,"column":114},"end":{"line":223,"column":134}}],"line":223},"41":{"loc":{"start":{"line":227,"column":83},"end":{"line":227,"column":null}},"type":"if","locations":[{"start":{"line":227,"column":83},"end":{"line":227,"column":null}},{"start":{},"end":{}}],"line":227},"42":{"loc":{"start":{"line":229,"column":140},"end":{"line":229,"column":null}},"type":"cond-expr","locations":[{"start":{"line":229,"column":161},"end":{"line":229,"column":201}},{"start":{"line":229,"column":201},"end":{"line":229,"column":null}}],"line":229},"43":{"loc":{"start":{"line":231,"column":29},"end":{"line":231,"column":null}},"type":"binary-expr","locations":[{"start":{"line":231,"column":29},"end":{"line":231,"column":51}},{"start":{"line":231,"column":51},"end":{"line":231,"column":null}}],"line":231},"44":{"loc":{"start":{"line":237,"column":162},"end":{"line":237,"column":215}},"type":"cond-expr","locations":[{"start":{"line":237,"column":174},"end":{"line":237,"column":191}},{"start":{"line":237,"column":191},"end":{"line":237,"column":215}}],"line":237}},"s":{"0":20,"1":20,"2":20,"3":20,"4":20,"5":20,"6":20,"7":20,"8":20,"9":20,"10":4,"11":4,"12":4,"13":0,"14":0,"15":0,"16":0,"17":0,"18":0,"19":0,"20":4,"21":4,"22":4,"23":4,"24":4,"25":4,"26":4,"27":20,"28":0,"29":20,"30":4,"31":4,"32":4,"33":2,"34":2,"35":2,"36":0,"37":0,"38":4,"39":2,"40":2,"41":2,"42":2,"43":2,"44":2,"45":1,"46":1,"47":4,"48":3,"49":3,"50":4,"51":2,"52":2,"53":2,"54":1,"55":1,"56":0,"57":0,"58":1,"59":1,"60":1,"61":4,"62":0,"63":0,"64":4,"65":4,"66":20,"67":4,"68":1,"69":20,"70":5,"71":2,"72":2,"73":0,"74":2,"75":2,"76":0,"77":1,"78":1,"79":0,"80":0,"81":1,"82":0,"83":2,"84":2,"85":0,"86":0,"87":0,"88":0,"89":0,"90":0},"f":{"0":20,"1":4,"2":4,"3":4,"4":5,"5":2,"6":2,"7":1,"8":0,"9":1,"10":0,"11":2,"12":0,"13":0,"14":0},"b":{"0":[20,20],"1":[0,20],"2":[4,0],"3":[0,4],"4":[4,4],"5":[4,4],"6":[0,4],"7":[0,20],"8":[2,2],"9":[0,2],"10":[2,2],"11":[1,1],"12":[3,1],"13":[2,2],"14":[4,3],"15":[1,1],"16":[0,1],"17":[1,0],"18":[0,4],"19":[1,3],"20":[0,1],"21":[0,20],"22":[0,2],"23":[2,18],"24":[20,2],"25":[0,2],"26":[3,17],"27":[20,3],"28":[0,1],"29":[3,17],"30":[20,3],"31":[17,3],"32":[3,17],"33":[0,20],"34":[20,20],"35":[0,2],"36":[3,17],"37":[3,17],"38":[20,3],"39":[20,0],"40":[0,20],"41":[0,0],"42":[0,20],"43":[20,0],"44":[0,20]},"meta":{"lastBranch":45,"lastFunction":15,"lastStatement":91,"seen":{"f:37:16:37:33":0,"s:38:18:38:42":0,"s:39:17:39:40":1,"s:40:17:40:40":2,"s:41:21:41:69":3,"b:41:45:41:66:41:66:41:69":0,"s:42:25:43:Infinity":4,"b:43:28:43:37:43:37:43:Infinity":1,"s:45:23:45:87":5,"s:46:24:46:54":6,"s:48:19:48:56":7,"s:49:22:49:Infinity":8,"s:51:4:72:Infinity":9,"f:51:4:51:20":1,"b:52:8:69:Infinity:undefined:undefined:undefined:undefined":2,"s:52:8:69:Infinity":10,"s:53:12:53:Infinity":11,"b:54:12:69:Infinity:62:19:69:Infinity":3,"s:54:12:69:Infinity":12,"s:55:16:55:Infinity":13,"s:56:16:56:Infinity":14,"s:57:16:57:Infinity":15,"s:58:16:58:Infinity":16,"s:59:16:59:Infinity":17,"s:60:16:60:Infinity":18,"s:61:16:61:Infinity":19,"s:63:16:63:Infinity":20,"s:64:16:64:Infinity":21,"b:64:24:64:39:64:39:64:42":4,"s:65:16:65:Infinity":22,"s:66:16:66:Infinity":23,"b:66:28:66:49:66:49:66:52":5,"s:67:16:67:Infinity":24,"b:67:52:67:61:67:61:67:68":6,"s:68:16:68:Infinity":25,"s:69:16:69:Infinity":26,"b:74:4:74:Infinity:undefined:undefined:undefined:undefined":7,"s:74:4:74:Infinity":27,"s:74:17:74:Infinity":28,"s:76:10:127:Infinity":29,"f:76:10:76:40":2,"s:77:38:77:40":30,"s:78:22:78:Infinity":31,"b:80:8:85:Infinity:83:19:85:Infinity":8,"s:80:8:85:Infinity":32,"s:81:12:81:Infinity":33,"s:82:12:82:Infinity":34,"b:83:19:85:Infinity:undefined:undefined:undefined:undefined":9,"s:83:19:85:Infinity":35,"s:84:12:84:Infinity":36,"s:85:12:85:Infinity":37,"b:88:8:98:Infinity:91:15:98:Infinity":10,"s:88:8:98:Infinity":38,"s:89:12:89:Infinity":39,"s:90:12:90:Infinity":40,"s:92:33:92:47":41,"s:93:26:93:36":42,"s:94:12:94:Infinity":43,"b:96:12:98:Infinity:undefined:undefined:undefined:undefined":11,"s:96:12:98:Infinity":44,"s:97:16:97:Infinity":45,"s:98:16:98:Infinity":46,"b:102:8:104:Infinity:undefined:undefined:undefined:undefined":12,"s:102:8:104:Infinity":47,"s:103:12:103:Infinity":48,"s:104:12:104:Infinity":49,"b:107:8:117:Infinity:110:19:117:Infinity":13,"s:107:8:117:Infinity":50,"b:107:12:107:39:107:39:107:55":14,"s:108:12:108:Infinity":51,"s:109:12:109:Infinity":52,"b:110:19:117:Infinity:undefined:undefined:undefined:undefined":15,"s:110:19:117:Infinity":53,"s:111:31:111:Infinity":54,"b:112:12:117:Infinity:115:23:117:Infinity":16,"s:112:12:117:Infinity":55,"s:113:16:113:Infinity":56,"s:114:16:114:Infinity":57,"b:115:23:117:Infinity:undefined:undefined:undefined:undefined":17,"s:115:23:117:Infinity":58,"s:116:16:116:Infinity":59,"s:117:16:117:Infinity":60,"b:121:8:123:Infinity:undefined:undefined:undefined:undefined":18,"s:121:8:123:Infinity":61,"s:122:12:122:Infinity":62,"s:123:12:123:Infinity":63,"s:126:8:126:Infinity":64,"s:127:8:127:Infinity":65,"s:130:10:140:Infinity":66,"f:130:10:130:31":3,"b:131:8:140:Infinity:undefined:undefined:undefined:undefined":19,"s:131:8:140:Infinity":67,"s:132:12:140:Infinity":68,"b:136:59:136:64:136:64:136:Infinity":20,"s:144:4:241:Infinity":69,"f:146:107:146:117":4,"s:146:123:146:142":70,"b:149:90:149:105:149:105:149:125":21,"f:159:32:159:43":5,"s:159:51:159:77":71,"b:159:77:159:Infinity:undefined:undefined:undefined:undefined":22,"s:159:77:159:Infinity":72,"s:159:95:159:Infinity":73,"b:161:138:161:178:161:178:161:Infinity":23,"b:163:29:163:45:163:45:163:Infinity":24,"f:172:36:172:47":6,"s:172:55:172:80":74,"b:172:80:172:Infinity:undefined:undefined:undefined:undefined":25,"s:172:80:172:Infinity":75,"s:172:97:172:Infinity":76,"b:173:141:173:181:173:181:173:Infinity":26,"b:175:33:175:48:175:48:175:Infinity":27,"f:182:36:182:47":7,"s:182:55:182:80":77,"b:182:80:182:Infinity:undefined:undefined:undefined:undefined":28,"s:182:80:182:Infinity":78,"s:182:97:182:Infinity":79,"b:183:141:183:181:183:181:183:Infinity":29,"b:185:33:185:48:185:48:185:Infinity":30,"f:192:40:192:55":8,"s:192:55:192:78":80,"b:192:200:192:227:192:227:192:276":31,"f:193:40:193:55":9,"s:193:55:193:78":81,"b:193:200:193:227:193:227:193:276":32,"f:194:40:194:55":10,"s:194:55:194:85":82,"b:194:214:194:241:194:241:194:290":33,"b:197:29:197:Infinity:198:32:207:Infinity":34,"f:202:40:202:51":11,"s:202:59:202:88":83,"b:202:88:202:Infinity:undefined:undefined:undefined:undefined":35,"s:202:88:202:Infinity":84,"s:202:109:202:Infinity":85,"b:203:79:203:117:203:117:203:Infinity":36,"b:204:149:204:189:204:189:204:Infinity":37,"b:206:37:206:56:206:56:207:Infinity":38,"b:209:29:209:63:209:63:209:Infinity":39,"f:214:55:214:66":12,"s:214:72:214:101":86,"f:216:40:216:45":13,"s:216:55:216:117":87,"b:223:87:223:114:223:114:223:134":40,"f:227:32:227:43":14,"s:227:51:227:83":88,"b:227:83:227:Infinity:undefined:undefined:undefined:undefined":41,"s:227:83:227:Infinity":89,"s:227:107:227:Infinity":90,"b:229:161:229:201:229:201:229:Infinity":42,"b:231:29:231:51:231:51:231:Infinity":43,"b:237:174:237:191:237:191:237:215":44}}}
}
