TN:
SF:server.js
FN:56,(anonymous_0)
FN:57,(anonymous_1)
FN:60,(anonymous_2)
FN:60,(anonymous_3)
FN:63,(anonymous_4)
FN:87,(anonymous_5)
FN:107,(anonymous_6)
FN:112,(anonymous_7)
FN:115,(anonymous_8)
FN:141,(anonymous_9)
FN:148,startServer
FN:153,(anonymous_11)
FNF:12
FNH:0
FNDA:0,(anonymous_0)
FNDA:0,(anonymous_1)
FNDA:0,(anonymous_2)
FNDA:0,(anonymous_3)
FNDA:0,(anonymous_4)
FNDA:0,(anonymous_5)
FNDA:0,(anonymous_6)
FNDA:0,(anonymous_7)
FNDA:0,(anonymous_8)
FNDA:0,(anonymous_9)
FNDA:0,startServer
FNDA:0,(anonymous_11)
DA:13,1
DA:14,1
DA:15,1
DA:18,1
DA:54,1
DA:56,0
DA:57,0
DA:60,0
DA:64,0
DA:65,0
DA:67,0
DA:68,0
DA:69,0
DA:70,0
DA:71,0
DA:72,0
DA:76,0
DA:84,0
DA:85,0
DA:88,0
DA:89,0
DA:90,0
DA:96,1
DA:97,1
DA:98,1
DA:100,1
DA:103,1
DA:106,1
DA:107,1
DA:108,0
DA:112,1
DA:113,0
DA:115,0
DA:116,0
DA:117,0
DA:133,0
DA:134,0
DA:135,0
DA:138,0
DA:141,1
DA:142,0
DA:143,0
DA:144,0
DA:149,0
DA:150,0
DA:151,0
DA:153,0
DA:154,0
DA:155,0
DA:156,0
DA:161,1
DA:162,0
LF:52
LH:15
BRDA:56,0,0,0
BRDA:56,1,0,0
BRDA:64,2,0,0
BRDA:64,2,1,0
BRDA:64,3,0,0
BRDA:64,3,1,0
BRDA:67,4,0,0
BRDA:67,4,1,0
BRDA:71,5,0,0
BRDA:71,5,1,0
BRDA:79,6,0,0
BRDA:79,6,1,0
BRDA:113,7,0,0
BRDA:113,7,1,0
BRDA:161,8,0,0
BRDA:161,8,1,1
BRF:16
BRH:1
end_of_record
TN:
SF:src\controllers\eventsController.js
FN:4,(anonymous_0)
FN:20,(anonymous_1)
FN:22,(anonymous_2)
FN:26,(anonymous_3)
FN:49,(anonymous_4)
FN:51,(anonymous_5)
FNF:6
FNH:6
FNDA:2,(anonymous_0)
FNDA:1,(anonymous_1)
FNDA:1,(anonymous_2)
FNDA:4,(anonymous_3)
FNDA:2,(anonymous_4)
FNDA:2,(anonymous_5)
DA:4,1
DA:6,2
DA:7,2
DA:8,2
DA:9,2
DA:11,2
DA:12,2
DA:13,2
DA:14,2
DA:15,2
DA:17,2
DA:20,1
DA:21,1
DA:22,1
DA:23,1
DA:26,1
DA:27,4
DA:30,4
DA:31,1
DA:33,3
DA:34,1
DA:37,2
DA:45,2
DA:46,2
DA:49,1
DA:50,2
DA:51,2
DA:53,2
DA:54,1
DA:57,1
DA:58,1
LF:31
LH:31
BRDA:6,0,0,2
BRDA:6,0,1,1
BRDA:7,1,0,2
BRDA:7,1,1,1
BRDA:30,2,0,1
BRDA:30,2,1,3
BRDA:30,3,0,4
BRDA:30,3,1,3
BRDA:30,3,2,3
BRDA:33,4,0,1
BRDA:33,4,1,2
BRDA:33,5,0,3
BRDA:33,5,1,2
BRDA:41,6,0,2
BRDA:41,6,1,1
BRDA:53,7,0,1
BRDA:53,7,1,1
BRF:17
BRH:17
end_of_record
TN:
SF:src\data\memoryStore.js
FNF:0
FNH:0
DA:2,1
LF:1
LH:1
BRF:0
BRH:0
end_of_record
TN:
SF:src\routes\events.js
FNF:0
FNH:0
DA:4,1
DA:7,1
DA:8,1
DA:9,1
DA:10,1
LF:5
LH:5
BRF:0
BRH:0
end_of_record
